[35m[Appium][39m Welcome to Appium v1.22.2
[35m[Appium][39m Non-default server args:
[35m[Appium][39m   port: 22650
[35m[Appium][39m   loglevel: info
[35m[Appium][39m   tmpDir: C:\Users\MAULAN~1\AppData\Local\Temp\\Katalon\Appium\Temp1662367653947
[35m[Appium][39m   chromedriverPort: 22651
[35m[Appium][39m Deprecated server args:
[35m[Appium][39m   [31m--chromedriver-port[39m => --default-capabilities
[35m[Appium][39m Default capabilities, which will be added to each request unless overridden by desired capabilities:
[35m[Appium][39m   chromedriverPort: 22651
[35m[Appium][39m Appium REST http interface listener started on 0.0.0.0:22650
[35m[HTTP][39m [37m-->[39m [37mGET[39m [37m/wd/hub/status[39m
[35m[HTTP][39m [90m{}[39m
[35m[HTTP][39m [37m<-- GET /wd/hub/status [39m[32m200[39m [90m16 ms - 68[39m
[35m[HTTP][39m [90m[39m
[35m[HTTP][39m [37m-->[39m [37mGET[39m [37m/wd/hub/status[39m
[35m[HTTP][39m [90m{}[39m
[35m[HTTP][39m [37m<-- GET /wd/hub/status [39m[32m200[39m [90m3 ms - 68[39m
[35m[HTTP][39m [90m[39m
[35m[HTTP][39m [37m-->[39m [37mPOST[39m [37m/wd/hub/session[39m
[35m[HTTP][39m [90m{"desiredCapabilities":{"appActivity":".Settings","appPackage":"com.android.settings","newCommandTimeout":1800,"platformVersion":"8.0.0","automationName":"uiautomator2","autoGrantPermissions":true,"platformName":"Android","udid":"52106cd2fc881463","deviceName":"samsung SM-A520F (Android 8.0.0)","platform":"ANDROID","systemPort":8231},"capabilities":{"firstMatch":[{"appium:appActivity":".Settings","appium:appPackage":"com.android.settings","appium:autoGrantPermissions":true,"appium:automationName":"uiautomator2","appium:deviceName":"samsung SM-A520F (Android 8.0.0)","appium:newCommandTimeout":1800,"platform":"ANDROID","platformName":"android","appium:platformVersion":"8.0.0","appium:systemPort":8231,"appium:udid":"52106cd2fc881463"}]}}[39m
[35m[BaseDriver][39m The following capabilities are not standard capabilities and should have an extension prefix:
[35m[BaseDriver][39m   platform
[35m[BaseDriver][39m   chromedriverPort
[35m[Appium][39m Appium v1.22.2 creating new AndroidUiautomator2Driver (v1.70.1) session
[35m[BaseDriver][39m The following capabilities were provided, but are not recognized by Appium:
[35m[BaseDriver][39m   platform
[35m[BaseDriver][39m Session created with session id: 23787b6d-2354-42ff-a2d4-b2efad684490
[35m[UiAutomator2][39m Starting 'com.android.settings' directly on the device
[35m[ADB][39m Found 4 'build-tools' folders under 'C:\Users\Maulana Yusuf\AppData\Local\Android\Sdk' (newest first):
[35m[ADB][39m     C:/Users/Maulana Yusuf/AppData/Local/Android/Sdk/build-tools/31.0.0
[35m[ADB][39m     C:/Users/Maulana Yusuf/AppData/Local/Android/Sdk/build-tools/30.0.2
[35m[ADB][39m     C:/Users/Maulana Yusuf/AppData/Local/Android/Sdk/build-tools/29.0.2
[35m[ADB][39m     C:/Users/Maulana Yusuf/AppData/Local/Android/Sdk/build-tools/28.0.3
[35m[ADB][39m Using 'adb.exe' from 'C:\Users\Maulana Yusuf\AppData\Local\Android\Sdk\platform-tools\adb.exe'
[35m[AndroidDriver][39m Retrieving device list
[35m[AndroidDriver][39m Using device: 52106cd2fc881463
[35m[ADB][39m Using 'adb.exe' from 'C:\Users\Maulana Yusuf\AppData\Local\Android\Sdk\platform-tools\adb.exe'
[35m[AndroidDriver][39m No app sent in, not parsing package/activity
[35m[ADB][39m Using 'apksigner.jar' from 'C:\Users\Maulana Yusuf\AppData\Local\Android\Sdk\build-tools\31.0.0\lib\apksigner.jar'
[35m[ADB][39m 'C:\Users\Maulana Yusuf\AppData\Roaming\npm\node_modules\appium\node_modules\appium-uiautomator2-server\apks\appium-uiautomator2-server-v4.27.0.apk' is signed with the default certificate
[35m[ADB][39m 'C:\Users\Maulana Yusuf\AppData\Roaming\npm\node_modules\appium\node_modules\appium-uiautomator2-server\apks\appium-uiautomator2-server-debug-androidTest.apk' is signed with the default certificate
[35m[UiAutomator2][39m Server packages are not going to be (re)installed
[35m[ADB][39m Adding packages ["io.appium.settings","io.appium.uiautomator2.server","io.appium.uiautomator2.server.test"] to Doze whitelist
[35m[UiAutomator2][39m Starting UIAutomator2 server 4.27.0
[35m[UiAutomator2][39m Using UIAutomator2 server from 'C:\Users\Maulana Yusuf\AppData\Roaming\npm\node_modules\appium\node_modules\appium-uiautomator2-server\apks\appium-uiautomator2-server-v4.27.0.apk' and test from 'C:\Users\Maulana Yusuf\AppData\Roaming\npm\node_modules\appium\node_modules\appium-uiautomator2-server\apks\appium-uiautomator2-server-debug-androidTest.apk'
[35m[UiAutomator2][39m Waiting up to 30000ms for UiAutomator2 to be online...
[35m[WD Proxy][39m socket hang up
[35m[WD Proxy][39m socket hang up
[35m[WD Proxy][39m socket hang up
[35m[WD Proxy][39m socket hang up
[35m[WD Proxy][39m Determined the downstream protocol as 'W3C'
[35m[AndroidDriver][39m Screen already unlocked, doing nothing
[35m[UiAutomator2][39m Starting 'com.android.settings/.Settings and waiting for 'com.android.settings/.Settings'
[35m[Appium][39m New AndroidUiautomator2Driver session created successfully, session 23787b6d-2354-42ff-a2d4-b2efad684490 added to master session list
[35m[HTTP][39m [37m<-- POST /wd/hub/session [39m[32m200[39m [90m22041 ms - 1183[39m
[35m[HTTP][39m [90m[39m
[35m[HTTP][39m [37m-->[39m [37mGET[39m [37m/wd/hub/session/23787b6d-2354-42ff-a2d4-b2efad684490[39m
[35m[HTTP][39m [90m{}[39m
[35m[HTTP][39m [37m<-- GET /wd/hub/session/23787b6d-2354-42ff-a2d4-b2efad684490 [39m[32m200[39m [90m34 ms - 1137[39m
[35m[HTTP][39m [90m[39m
[35m[HTTP][39m [37m-->[39m [37mGET[39m [37m/wd/hub/session/23787b6d-2354-42ff-a2d4-b2efad684490[39m
[35m[HTTP][39m [90m{}[39m
[35m[HTTP][39m [37m<-- GET /wd/hub/session/23787b6d-2354-42ff-a2d4-b2efad684490 [39m[32m200[39m [90m29 ms - 1137[39m
[35m[HTTP][39m [90m[39m
[35m[HTTP][39m [37m-->[39m [37mGET[39m [37m/wd/hub/status[39m
[35m[HTTP][39m [90m{}[39m
[35m[HTTP][39m [37m<-- GET /wd/hub/status [39m[32m200[39m [90m2 ms - 68[39m
[35m[HTTP][39m [90m[39m
[35m[HTTP][39m [37m-->[39m [37mPOST[39m [37m/wd/hub/session/23787b6d-2354-42ff-a2d4-b2efad684490/timeouts[39m
[35m[HTTP][39m [90m{"implicit":60000}[39m
[35m[HTTP][39m [37m<-- POST /wd/hub/session/23787b6d-2354-42ff-a2d4-b2efad684490/timeouts [39m[32m200[39m [90m10 ms - 14[39m
[35m[HTTP][39m [90m[39m
[35m[HTTP][39m [37m-->[39m [37mGET[39m [37m/wd/hub/session/23787b6d-2354-42ff-a2d4-b2efad684490/screenshot[39m
[35m[HTTP][39m [90m{}[39m
[35m[HTTP][39m [37m<-- GET /wd/hub/session/23787b6d-2354-42ff-a2d4-b2efad684490/screenshot [39m[32m200[39m [90m828 ms - 257720[39m
[35m[HTTP][39m [90m[39m
[35m[HTTP][39m [37m-->[39m [37mGET[39m [37m/wd/hub/session/23787b6d-2354-42ff-a2d4-b2efad684490/window/rect[39m
[35m[HTTP][39m [90m{}[39m
[35m[HTTP][39m [37m<-- GET /wd/hub/session/23787b6d-2354-42ff-a2d4-b2efad684490/window/rect [39m[32m200[39m [90m90 ms - 50[39m
[35m[HTTP][39m [90m[39m
[35m[HTTP][39m [37m-->[39m [37mGET[39m [37m/wd/hub/session/23787b6d-2354-42ff-a2d4-b2efad684490/appium/device/system_bars[39m
[35m[HTTP][39m [90m{}[39m
[35m[HTTP][39m [37m<-- GET /wd/hub/session/23787b6d-2354-42ff-a2d4-b2efad684490/appium/device/system_bars [39m[31m500[39m [90m318 ms - 663[39m
[35m[HTTP][39m [90m[39m
[35m[HTTP][39m [37m-->[39m [37mPOST[39m [37m/wd/hub/session/23787b6d-2354-42ff-a2d4-b2efad684490/execute/sync[39m
[35m[HTTP][39m [90m{"script":"mobile:viewportRect","args":[]}[39m
[35m[AndroidDriver][39m Executing native command 'mobile:viewportRect'
[35m[HTTP][39m [37m<-- POST /wd/hub/session/23787b6d-2354-42ff-a2d4-b2efad684490/execute/sync [39m[32m200[39m [90m73 ms - 56[39m
[35m[HTTP][39m [90m[39m
[35m[HTTP][39m [37m-->[39m [37mPOST[39m [37m/wd/hub/session/23787b6d-2354-42ff-a2d4-b2efad684490/appium/device/activate_app[39m
[35m[HTTP][39m [90m{"bundleId":"com.telkom.pijarbelajar"}[39m
[35m[HTTP][39m [37m<-- POST /wd/hub/session/23787b6d-2354-42ff-a2d4-b2efad684490/appium/device/activate_app [39m[32m200[39m [90m1067 ms - 14[39m
[35m[HTTP][39m [90m[39m
[35m[HTTP][39m [37m-->[39m [37mGET[39m [37m/wd/hub/session/23787b6d-2354-42ff-a2d4-b2efad684490/source[39m
[35m[HTTP][39m [90m{}[39m
[35m[W3C (23787b6d)][39m Driver proxy active, passing request on via HTTP proxy
[35m[WD Proxy][39m Replacing sessionId bcd61be1-a1ac-4608-bb94-0c73ae45a161 with 23787b6d-2354-42ff-a2d4-b2efad684490
[35m[HTTP][39m [37m<-- GET /wd/hub/session/23787b6d-2354-42ff-a2d4-b2efad684490/source [39m[32m200[39m [90m1750 ms - 38268[39m
[35m[HTTP][39m [90m[39m
[35m[HTTP][39m [37m-->[39m [37mGET[39m [37m/wd/hub/session/23787b6d-2354-42ff-a2d4-b2efad684490/screenshot[39m
[35m[HTTP][39m [90m{}[39m
[35m[HTTP][39m [37m<-- GET /wd/hub/session/23787b6d-2354-42ff-a2d4-b2efad684490/screenshot [39m[32m200[39m [90m797 ms - 267196[39m
[35m[HTTP][39m [90m[39m
[35m[HTTP][39m [37m-->[39m [37mPOST[39m [37m/wd/hub/session/23787b6d-2354-42ff-a2d4-b2efad684490/elements[39m
[35m[HTTP][39m [90m{"using":"xpath","value":"//*[@class = 'android.view.ViewGroup' and (@text = '' or . = '')]"}[39m
[35m[HTTP][39m [37m<-- POST /wd/hub/session/23787b6d-2354-42ff-a2d4-b2efad684490/elements [39m[32m200[39m [90m1865 ms - 7563[39m
[35m[HTTP][39m [90m[39m
[35m[HTTP][39m [37m-->[39m [37mPOST[39m [37m/wd/hub/session/23787b6d-2354-42ff-a2d4-b2efad684490/elements[39m
[35m[HTTP][39m [90m{"using":"-android uiautomator","value":"new UiSelector().className(\"android.view.ViewGroup\")"}[39m
[35m[HTTP][39m [37m<-- POST /wd/hub/session/23787b6d-2354-42ff-a2d4-b2efad684490/elements [39m[32m200[39m [90m3688 ms - 7563[39m
[35m[HTTP][39m [90m[39m
[35m[HTTP][39m [37m-->[39m [37mGET[39m [37m/wd/hub/session/23787b6d-2354-42ff-a2d4-b2efad684490/window/rect[39m
[35m[HTTP][39m [90m{}[39m
[35m[HTTP][39m [37m<-- GET /wd/hub/session/23787b6d-2354-42ff-a2d4-b2efad684490/window/rect [39m[32m200[39m [90m26 ms - 50[39m
[35m[HTTP][39m [90m[39m
[35m[HTTP][39m [37m-->[39m [37mPOST[39m [37m/wd/hub/session/23787b6d-2354-42ff-a2d4-b2efad684490/elements[39m
[35m[HTTP][39m [90m{"using":"xpath","value":"//hierarchy/android.widget.FrameLayout[1]/android.widget.LinearLayout[1]/android.widget.FrameLayout[1]/android.widget.LinearLayout[1]/android.widget.FrameLayout[1]/android.widget.FrameLayout[1]/android.view.ViewGroup[1]/android.view.ViewGroup[1]/android.view.ViewGroup[1]/android.view.ViewGroup[1]/android.widget.FrameLayout[1]/android.view.ViewGroup[1]/android.view.ViewGroup[1]/android.view.ViewGroup[1]/android.view.ViewGroup[1]/android.view.ViewGroup[1]/android.view.ViewGroup[1]/android.widget.FrameLayout[1]/android.view.ViewGroup[1]/android.view.ViewGroup[1]/android.view.ViewGroup[1]/android.widget.ScrollView[1]/android.view.ViewGroup[1]/android.view.ViewGroup[3]/android.widget.ScrollView[1]/android.view.ViewGroup[1]/android.view.ViewGroup[1]/android.view.ViewGroup[1]/android.view.ViewGroup[1]/android.view.ViewGroup[1]"}[39m
[35m[HTTP][39m [37m<-- POST /wd/hub/session/23787b6d-2354-42ff-a2d4-b2efad684490/elements [39m[32m200[39m [90m653 ms - 139[39m
[35m[HTTP][39m [90m[39m
[35m[HTTP][39m [37m-->[39m [37mGET[39m [37m/wd/hub/session/23787b6d-2354-42ff-a2d4-b2efad684490/element/00000000-0000-002e-ffff-ffff00000107/location[39m
[35m[HTTP][39m [90m{}[39m
[35m[W3C (23787b6d)][39m Driver proxy active, passing request on via HTTP proxy
[35m[WD Proxy][39m Replacing sessionId bcd61be1-a1ac-4608-bb94-0c73ae45a161 with 23787b6d-2354-42ff-a2d4-b2efad684490
[35m[HTTP][39m [37m<-- GET /wd/hub/session/23787b6d-2354-42ff-a2d4-b2efad684490/element/00000000-0000-002e-ffff-ffff00000107/location [39m[32m200[39m [90m35 ms - 78[39m
[35m[HTTP][39m [90m[39m
[35m[HTTP][39m [37m-->[39m [37mPOST[39m [37m/wd/hub/session/23787b6d-2354-42ff-a2d4-b2efad684490/touch/perform[39m
[35m[HTTP][39m [90m{"actions":[{"action":"tap","options":{"x":1,"y":1,"element":"00000000-0000-002e-ffff-ffff00000107"}}]}[39m
[35m[UiAutomator2][39m calling get location: 00000000-0000-002e-ffff-ffff00000107
[35m[HTTP][39m [37m<-- POST /wd/hub/session/23787b6d-2354-42ff-a2d4-b2efad684490/touch/perform [39m[32m200[39m [90m1692 ms - 14[39m
[35m[HTTP][39m [90m[39m
[35m[HTTP][39m [37m-->[39m [37mGET[39m [37m/wd/hub/session/23787b6d-2354-42ff-a2d4-b2efad684490/source[39m
[35m[HTTP][39m [90m{}[39m
[35m[W3C (23787b6d)][39m Driver proxy active, passing request on via HTTP proxy
[35m[WD Proxy][39m Replacing sessionId bcd61be1-a1ac-4608-bb94-0c73ae45a161 with 23787b6d-2354-42ff-a2d4-b2efad684490
[35m[HTTP][39m [37m<-- GET /wd/hub/session/23787b6d-2354-42ff-a2d4-b2efad684490/source [39m[32m200[39m [90m278 ms - 20325[39m
[35m[HTTP][39m [90m[39m
[35m[HTTP][39m [37m-->[39m [37mGET[39m [37m/wd/hub/session/23787b6d-2354-42ff-a2d4-b2efad684490/screenshot[39m
[35m[HTTP][39m [90m{}[39m
[35m[HTTP][39m [37m<-- GET /wd/hub/session/23787b6d-2354-42ff-a2d4-b2efad684490/screenshot [39m[32m200[39m [90m1026 ms - 466268[39m
[35m[HTTP][39m [90m[39m
[35m[HTTP][39m [37m-->[39m [37mPOST[39m [37m/wd/hub/session/23787b6d-2354-42ff-a2d4-b2efad684490/elements[39m
[35m[HTTP][39m [90m{"using":"xpath","value":"//*[@class = 'android.view.ViewGroup' and (@text = '' or . = '')]"}[39m
[35m[HTTP][39m [37m<-- POST /wd/hub/session/23787b6d-2354-42ff-a2d4-b2efad684490/elements [39m[32m200[39m [90m440 ms - 3467[39m
[35m[HTTP][39m [90m[39m
[35m[HTTP][39m [37m-->[39m [37mPOST[39m [37m/wd/hub/session/23787b6d-2354-42ff-a2d4-b2efad684490/elements[39m
[35m[HTTP][39m [90m{"using":"-android uiautomator","value":"new UiSelector().className(\"android.view.ViewGroup\")"}[39m
[35m[HTTP][39m [37m<-- POST /wd/hub/session/23787b6d-2354-42ff-a2d4-b2efad684490/elements [39m[32m200[39m [90m369 ms - 3467[39m
[35m[HTTP][39m [90m[39m
[35m[HTTP][39m [37m-->[39m [37mGET[39m [37m/wd/hub/session/23787b6d-2354-42ff-a2d4-b2efad684490/window/rect[39m
[35m[HTTP][39m [90m{}[39m
[35m[HTTP][39m [37m<-- GET /wd/hub/session/23787b6d-2354-42ff-a2d4-b2efad684490/window/rect [39m[32m200[39m [90m42 ms - 50[39m
[35m[HTTP][39m [90m[39m
[35m[HTTP][39m [37m-->[39m [37mPOST[39m [37m/wd/hub/session/23787b6d-2354-42ff-a2d4-b2efad684490/elements[39m
[35m[HTTP][39m [90m{"using":"xpath","value":"//hierarchy/android.widget.FrameLayout[1]/android.widget.LinearLayout[1]/android.widget.FrameLayout[1]/android.widget.LinearLayout[1]/android.widget.FrameLayout[1]/android.widget.FrameLayout[1]/android.view.ViewGroup[1]/android.view.ViewGroup[1]/android.view.ViewGroup[1]/android.view.ViewGroup[1]/android.widget.FrameLayout[1]/android.view.ViewGroup[1]/android.view.ViewGroup[1]/android.view.ViewGroup[1]/android.view.ViewGroup[1]/android.view.ViewGroup[1]/android.view.ViewGroup[1]/android.widget.ScrollView[1]/android.view.ViewGroup[1]/android.view.ViewGroup[1]/android.view.ViewGroup[3]"}[39m
[35m[HTTP][39m [37m<-- POST /wd/hub/session/23787b6d-2354-42ff-a2d4-b2efad684490/elements [39m[32m200[39m [90m344 ms - 139[39m
[35m[HTTP][39m [90m[39m
[35m[HTTP][39m [37m-->[39m [37mGET[39m [37m/wd/hub/session/23787b6d-2354-42ff-a2d4-b2efad684490/element/00000000-0000-002e-ffff-ffff00000248/location[39m
[35m[HTTP][39m [90m{}[39m
[35m[W3C (23787b6d)][39m Driver proxy active, passing request on via HTTP proxy
[35m[WD Proxy][39m Replacing sessionId bcd61be1-a1ac-4608-bb94-0c73ae45a161 with 23787b6d-2354-42ff-a2d4-b2efad684490
[35m[HTTP][39m [37m<-- GET /wd/hub/session/23787b6d-2354-42ff-a2d4-b2efad684490/element/00000000-0000-002e-ffff-ffff00000248/location [39m[32m200[39m [90m44 ms - 77[39m
[35m[HTTP][39m [90m[39m
[35m[HTTP][39m [37m-->[39m [37mPOST[39m [37m/wd/hub/session/23787b6d-2354-42ff-a2d4-b2efad684490/touch/perform[39m
[35m[HTTP][39m [90m{"actions":[{"action":"tap","options":{"x":1,"y":1,"element":"00000000-0000-002e-ffff-ffff00000248"}}]}[39m
[35m[UiAutomator2][39m calling get location: 00000000-0000-002e-ffff-ffff00000248
[35m[HTTP][39m [37m<-- POST /wd/hub/session/23787b6d-2354-42ff-a2d4-b2efad684490/touch/perform [39m[32m200[39m [90m201 ms - 14[39m
[35m[HTTP][39m [90m[39m
[35m[HTTP][39m [37m-->[39m [37mGET[39m [37m/wd/hub/session/23787b6d-2354-42ff-a2d4-b2efad684490/source[39m
[35m[HTTP][39m [90m{}[39m
[35m[W3C (23787b6d)][39m Driver proxy active, passing request on via HTTP proxy
[35m[WD Proxy][39m Replacing sessionId bcd61be1-a1ac-4608-bb94-0c73ae45a161 with 23787b6d-2354-42ff-a2d4-b2efad684490
[35m[HTTP][39m [37m<-- GET /wd/hub/session/23787b6d-2354-42ff-a2d4-b2efad684490/source [39m[32m200[39m [90m767 ms - 14404[39m
[35m[HTTP][39m [90m[39m
[35m[HTTP][39m [37m-->[39m [37mGET[39m [37m/wd/hub/session/23787b6d-2354-42ff-a2d4-b2efad684490/screenshot[39m
[35m[HTTP][39m [90m{}[39m
[35m[HTTP][39m [37m<-- GET /wd/hub/session/23787b6d-2354-42ff-a2d4-b2efad684490/screenshot [39m[32m200[39m [90m940 ms - 425200[39m
[35m[HTTP][39m [90m[39m
[35m[HTTP][39m [37m-->[39m [37mPOST[39m [37m/wd/hub/session/23787b6d-2354-42ff-a2d4-b2efad684490/elements[39m
[35m[HTTP][39m [90m{"using":"xpath","value":"//*[@class = 'android.view.ViewGroup' and (@text = '' or . = '')]"}[39m
[35m[HTTP][39m [37m<-- POST /wd/hub/session/23787b6d-2354-42ff-a2d4-b2efad684490/elements [39m[32m200[39m [90m310 ms - 2443[39m
[35m[HTTP][39m [90m[39m
[35m[HTTP][39m [37m-->[39m [37mPOST[39m [37m/wd/hub/session/23787b6d-2354-42ff-a2d4-b2efad684490/elements[39m
[35m[HTTP][39m [90m{"using":"-android uiautomator","value":"new UiSelector().className(\"android.view.ViewGroup\")"}[39m
[35m[HTTP][39m [37m<-- POST /wd/hub/session/23787b6d-2354-42ff-a2d4-b2efad684490/elements [39m[32m200[39m [90m313 ms - 2443[39m
[35m[HTTP][39m [90m[39m
[35m[HTTP][39m [37m-->[39m [37mGET[39m [37m/wd/hub/session/23787b6d-2354-42ff-a2d4-b2efad684490/window/rect[39m
[35m[HTTP][39m [90m{}[39m
[35m[HTTP][39m [37m<-- GET /wd/hub/session/23787b6d-2354-42ff-a2d4-b2efad684490/window/rect [39m[32m200[39m [90m39 ms - 50[39m
[35m[HTTP][39m [90m[39m
[35m[HTTP][39m [37m-->[39m [37mPOST[39m [37m/wd/hub/session/23787b6d-2354-42ff-a2d4-b2efad684490/elements[39m
[35m[HTTP][39m [90m{"using":"xpath","value":"//hierarchy/android.widget.FrameLayout[1]/android.widget.LinearLayout[1]/android.widget.FrameLayout[1]/android.widget.LinearLayout[1]/android.widget.FrameLayout[1]/android.widget.FrameLayout[1]/android.view.ViewGroup[1]/android.view.ViewGroup[1]/android.view.ViewGroup[1]/android.view.ViewGroup[1]/android.widget.FrameLayout[1]/android.view.ViewGroup[1]/android.view.ViewGroup[1]/android.view.ViewGroup[1]/android.view.ViewGroup[1]/android.view.ViewGroup[1]/android.view.ViewGroup[1]/android.view.ViewGroup[1]/android.view.ViewGroup[1]"}[39m
[35m[HTTP][39m [37m<-- POST /wd/hub/session/23787b6d-2354-42ff-a2d4-b2efad684490/elements [39m[32m200[39m [90m281 ms - 139[39m
[35m[HTTP][39m [90m[39m
[35m[HTTP][39m [37m-->[39m [37mGET[39m [37m/wd/hub/session/23787b6d-2354-42ff-a2d4-b2efad684490/element/00000000-0000-002e-ffff-ffff00000280/location[39m
[35m[HTTP][39m [90m{}[39m
[35m[W3C (23787b6d)][39m Driver proxy active, passing request on via HTTP proxy
[35m[WD Proxy][39m Replacing sessionId bcd61be1-a1ac-4608-bb94-0c73ae45a161 with 23787b6d-2354-42ff-a2d4-b2efad684490
[35m[HTTP][39m [37m<-- GET /wd/hub/session/23787b6d-2354-42ff-a2d4-b2efad684490/element/00000000-0000-002e-ffff-ffff00000280/location [39m[32m200[39m [90m22 ms - 77[39m
[35m[HTTP][39m [90m[39m
[35m[HTTP][39m [37m-->[39m [37mPOST[39m [37m/wd/hub/session/23787b6d-2354-42ff-a2d4-b2efad684490/touch/perform[39m
[35m[HTTP][39m [90m{"actions":[{"action":"tap","options":{"x":1,"y":1,"element":"00000000-0000-002e-ffff-ffff00000280"}}]}[39m
[35m[UiAutomator2][39m calling get location: 00000000-0000-002e-ffff-ffff00000280
[35m[HTTP][39m [37m<-- POST /wd/hub/session/23787b6d-2354-42ff-a2d4-b2efad684490/touch/perform [39m[32m200[39m [90m1077 ms - 14[39m
[35m[HTTP][39m [90m[39m
[35m[HTTP][39m [37m-->[39m [37mGET[39m [37m/wd/hub/session/23787b6d-2354-42ff-a2d4-b2efad684490/source[39m
[35m[HTTP][39m [90m{}[39m
[35m[W3C (23787b6d)][39m Driver proxy active, passing request on via HTTP proxy
[35m[WD Proxy][39m Replacing sessionId bcd61be1-a1ac-4608-bb94-0c73ae45a161 with 23787b6d-2354-42ff-a2d4-b2efad684490
[35m[HTTP][39m [37m<-- GET /wd/hub/session/23787b6d-2354-42ff-a2d4-b2efad684490/source [39m[32m200[39m [90m294 ms - 20325[39m
[35m[HTTP][39m [90m[39m
[35m[HTTP][39m [37m-->[39m [37mGET[39m [37m/wd/hub/session/23787b6d-2354-42ff-a2d4-b2efad684490/screenshot[39m
[35m[HTTP][39m [90m{}[39m
[35m[HTTP][39m [37m<-- GET /wd/hub/session/23787b6d-2354-42ff-a2d4-b2efad684490/screenshot [39m[32m200[39m [90m955 ms - 466026[39m
[35m[HTTP][39m [90m[39m
[35m[HTTP][39m [37m-->[39m [37mPOST[39m [37m/wd/hub/session/23787b6d-2354-42ff-a2d4-b2efad684490/elements[39m
[35m[HTTP][39m [90m{"using":"xpath","value":"//*[@class = 'android.view.ViewGroup' and (@text = '' or . = '')]"}[39m
[35m[HTTP][39m [37m<-- POST /wd/hub/session/23787b6d-2354-42ff-a2d4-b2efad684490/elements [39m[32m200[39m [90m418 ms - 3467[39m
[35m[HTTP][39m [90m[39m
[35m[HTTP][39m [37m-->[39m [37mPOST[39m [37m/wd/hub/session/23787b6d-2354-42ff-a2d4-b2efad684490/elements[39m
[35m[HTTP][39m [90m{"using":"-android uiautomator","value":"new UiSelector().className(\"android.view.ViewGroup\")"}[39m
[35m[HTTP][39m [37m<-- POST /wd/hub/session/23787b6d-2354-42ff-a2d4-b2efad684490/elements [39m[32m200[39m [90m350 ms - 3467[39m
[35m[HTTP][39m [90m[39m
[35m[HTTP][39m [37m-->[39m [37mGET[39m [37m/wd/hub/session/23787b6d-2354-42ff-a2d4-b2efad684490/window/rect[39m
[35m[HTTP][39m [90m{}[39m
[35m[HTTP][39m [37m<-- GET /wd/hub/session/23787b6d-2354-42ff-a2d4-b2efad684490/window/rect [39m[32m200[39m [90m22 ms - 50[39m
[35m[HTTP][39m [90m[39m
[35m[HTTP][39m [37m-->[39m [37mPOST[39m [37m/wd/hub/session/23787b6d-2354-42ff-a2d4-b2efad684490/elements[39m
[35m[HTTP][39m [90m{"using":"xpath","value":"//hierarchy/android.widget.FrameLayout[1]/android.widget.LinearLayout[1]/android.widget.FrameLayout[1]/android.widget.LinearLayout[1]/android.widget.FrameLayout[1]/android.widget.FrameLayout[1]/android.view.ViewGroup[1]/android.view.ViewGroup[1]/android.view.ViewGroup[1]/android.view.ViewGroup[1]/android.widget.FrameLayout[1]/android.view.ViewGroup[1]/android.view.ViewGroup[1]/android.view.ViewGroup[1]/android.view.ViewGroup[1]/android.view.ViewGroup[1]/android.view.ViewGroup[1]/android.widget.ScrollView[1]/android.view.ViewGroup[1]/android.view.ViewGroup[1]/android.view.ViewGroup[1]/android.view.ViewGroup[1]"}[39m
[35m[HTTP][39m [37m<-- POST /wd/hub/session/23787b6d-2354-42ff-a2d4-b2efad684490/elements [39m[32m200[39m [90m673 ms - 139[39m
[35m[HTTP][39m [90m[39m
[35m[HTTP][39m [37m-->[39m [37mGET[39m [37m/wd/hub/session/23787b6d-2354-42ff-a2d4-b2efad684490/element/00000000-0000-002e-ffff-ffff00000294/location[39m
[35m[HTTP][39m [90m{}[39m
[35m[W3C (23787b6d)][39m Driver proxy active, passing request on via HTTP proxy
[35m[WD Proxy][39m Replacing sessionId bcd61be1-a1ac-4608-bb94-0c73ae45a161 with 23787b6d-2354-42ff-a2d4-b2efad684490
[35m[HTTP][39m [37m<-- GET /wd/hub/session/23787b6d-2354-42ff-a2d4-b2efad684490/element/00000000-0000-002e-ffff-ffff00000294/location [39m[32m200[39m [90m46 ms - 77[39m
[35m[HTTP][39m [90m[39m
[35m[HTTP][39m [37m-->[39m [37mPOST[39m [37m/wd/hub/session/23787b6d-2354-42ff-a2d4-b2efad684490/touch/perform[39m
[35m[HTTP][39m [90m{"actions":[{"action":"tap","options":{"x":1,"y":1,"element":"00000000-0000-002e-ffff-ffff00000294"}}]}[39m
[35m[UiAutomator2][39m calling get location: 00000000-0000-002e-ffff-ffff00000294
[35m[HTTP][39m [37m<-- POST /wd/hub/session/23787b6d-2354-42ff-a2d4-b2efad684490/touch/perform [39m[32m200[39m [90m632 ms - 14[39m
[35m[HTTP][39m [90m[39m
[35m[HTTP][39m [37m-->[39m [37mGET[39m [37m/wd/hub/session/23787b6d-2354-42ff-a2d4-b2efad684490/source[39m
[35m[HTTP][39m [90m{}[39m
[35m[W3C (23787b6d)][39m Driver proxy active, passing request on via HTTP proxy
[35m[WD Proxy][39m Replacing sessionId bcd61be1-a1ac-4608-bb94-0c73ae45a161 with 23787b6d-2354-42ff-a2d4-b2efad684490
[35m[HTTP][39m [37m<-- GET /wd/hub/session/23787b6d-2354-42ff-a2d4-b2efad684490/source [39m[32m200[39m [90m689 ms - 38268[39m
[35m[HTTP][39m [90m[39m
[35m[HTTP][39m [37m-->[39m [37mGET[39m [37m/wd/hub/session/23787b6d-2354-42ff-a2d4-b2efad684490/screenshot[39m
[35m[HTTP][39m [90m{}[39m
[35m[HTTP][39m [37m<-- GET /wd/hub/session/23787b6d-2354-42ff-a2d4-b2efad684490/screenshot [39m[32m200[39m [90m792 ms - 267480[39m
[35m[HTTP][39m [90m[39m
[35m[HTTP][39m [37m-->[39m [37mPOST[39m [37m/wd/hub/session/23787b6d-2354-42ff-a2d4-b2efad684490/elements[39m
[35m[HTTP][39m [90m{"using":"xpath","value":"//*[@class = 'android.widget.TextView' and (@text = 'Purchase' or . = 'Purchase')]"}[39m
[35m[HTTP][39m [37m<-- POST /wd/hub/session/23787b6d-2354-42ff-a2d4-b2efad684490/elements [39m[32m200[39m [90m478 ms - 139[39m
[35m[HTTP][39m [90m[39m
[35m[HTTP][39m [37m-->[39m [37mGET[39m [37m/wd/hub/session/23787b6d-2354-42ff-a2d4-b2efad684490/window/rect[39m
[35m[HTTP][39m [90m{}[39m
[35m[HTTP][39m [37m<-- GET /wd/hub/session/23787b6d-2354-42ff-a2d4-b2efad684490/window/rect [39m[32m200[39m [90m18 ms - 50[39m
[35m[HTTP][39m [90m[39m
[35m[HTTP][39m [37m-->[39m [37mPOST[39m [37m/wd/hub/session/23787b6d-2354-42ff-a2d4-b2efad684490/elements[39m
[35m[HTTP][39m [90m{"using":"xpath","value":"//*[@class = 'android.widget.TextView' and (@text = 'Purchase' or . = 'Purchase')]"}[39m
[35m[HTTP][39m [37m<-- POST /wd/hub/session/23787b6d-2354-42ff-a2d4-b2efad684490/elements [39m[32m200[39m [90m1398 ms - 139[39m
[35m[HTTP][39m [90m[39m
[35m[HTTP][39m [37m-->[39m [37mGET[39m [37m/wd/hub/session/23787b6d-2354-42ff-a2d4-b2efad684490/element/00000000-0000-002e-ffff-ffff00000035/location[39m
[35m[HTTP][39m [90m{}[39m
[35m[W3C (23787b6d)][39m Driver proxy active, passing request on via HTTP proxy
[35m[WD Proxy][39m Replacing sessionId bcd61be1-a1ac-4608-bb94-0c73ae45a161 with 23787b6d-2354-42ff-a2d4-b2efad684490
[35m[HTTP][39m [37m<-- GET /wd/hub/session/23787b6d-2354-42ff-a2d4-b2efad684490/element/00000000-0000-002e-ffff-ffff00000035/location [39m[32m200[39m [90m21 ms - 79[39m
[35m[HTTP][39m [90m[39m
[35m[HTTP][39m [37m-->[39m [37mPOST[39m [37m/wd/hub/session/23787b6d-2354-42ff-a2d4-b2efad684490/touch/perform[39m
[35m[HTTP][39m [90m{"actions":[{"action":"tap","options":{"x":1,"y":1,"element":"00000000-0000-002e-ffff-ffff00000035"}}]}[39m
[35m[UiAutomator2][39m calling get location: 00000000-0000-002e-ffff-ffff00000035
[35m[HTTP][39m [37m<-- POST /wd/hub/session/23787b6d-2354-42ff-a2d4-b2efad684490/touch/perform [39m[32m200[39m [90m186 ms - 14[39m
[35m[HTTP][39m [90m[39m
[35m[HTTP][39m [37m-->[39m [37mGET[39m [37m/wd/hub/session/23787b6d-2354-42ff-a2d4-b2efad684490/source[39m
[35m[HTTP][39m [90m{}[39m
[35m[W3C (23787b6d)][39m Driver proxy active, passing request on via HTTP proxy
[35m[WD Proxy][39m Replacing sessionId bcd61be1-a1ac-4608-bb94-0c73ae45a161 with 23787b6d-2354-42ff-a2d4-b2efad684490
[35m[HTTP][39m [37m<-- GET /wd/hub/session/23787b6d-2354-42ff-a2d4-b2efad684490/source [39m[32m200[39m [90m628 ms - 35811[39m
[35m[HTTP][39m [90m[39m
[35m[HTTP][39m [37m-->[39m [37mGET[39m [37m/wd/hub/session/23787b6d-2354-42ff-a2d4-b2efad684490/screenshot[39m
[35m[HTTP][39m [90m{}[39m
[35m[HTTP][39m [37m<-- GET /wd/hub/session/23787b6d-2354-42ff-a2d4-b2efad684490/screenshot [39m[32m200[39m [90m786 ms - 208824[39m
[35m[HTTP][39m [90m[39m
[35m[HTTP][39m [37m-->[39m [37mPOST[39m [37m/wd/hub/session/23787b6d-2354-42ff-a2d4-b2efad684490/elements[39m
[35m[HTTP][39m [90m{"using":"xpath","value":"//*[@class = 'android.widget.TextView' and (@text = 'Riwayat Pembelian' or . = 'Riwayat Pembelian')]"}[39m
[35m[HTTP][39m [37m<-- POST /wd/hub/session/23787b6d-2354-42ff-a2d4-b2efad684490/elements [39m[32m200[39m [90m433 ms - 139[39m
[35m[HTTP][39m [90m[39m
[35m[HTTP][39m [37m-->[39m [37mGET[39m [37m/wd/hub/session/23787b6d-2354-42ff-a2d4-b2efad684490/window/rect[39m
[35m[HTTP][39m [90m{}[39m
[35m[HTTP][39m [37m<-- GET /wd/hub/session/23787b6d-2354-42ff-a2d4-b2efad684490/window/rect [39m[32m200[39m [90m18 ms - 50[39m
[35m[HTTP][39m [90m[39m
[35m[HTTP][39m [37m-->[39m [37mPOST[39m [37m/wd/hub/session/23787b6d-2354-42ff-a2d4-b2efad684490/elements[39m
[35m[HTTP][39m [90m{"using":"xpath","value":"//*[@class = 'android.widget.TextView' and (@text = 'Riwayat Pembelian' or . = 'Riwayat Pembelian')]"}[39m
[35m[HTTP][39m [37m<-- POST /wd/hub/session/23787b6d-2354-42ff-a2d4-b2efad684490/elements [39m[32m200[39m [90m335 ms - 139[39m
[35m[HTTP][39m [90m[39m
[35m[HTTP][39m [37m-->[39m [37mGET[39m [37m/wd/hub/session/23787b6d-2354-42ff-a2d4-b2efad684490/element/00000000-0000-002e-ffff-ffff000002ac/location[39m
[35m[HTTP][39m [90m{}[39m
[35m[W3C (23787b6d)][39m Driver proxy active, passing request on via HTTP proxy
[35m[WD Proxy][39m Replacing sessionId bcd61be1-a1ac-4608-bb94-0c73ae45a161 with 23787b6d-2354-42ff-a2d4-b2efad684490
[35m[HTTP][39m [37m<-- GET /wd/hub/session/23787b6d-2354-42ff-a2d4-b2efad684490/element/00000000-0000-002e-ffff-ffff000002ac/location [39m[32m200[39m [90m20 ms - 78[39m
[35m[HTTP][39m [90m[39m
[35m[HTTP][39m [37m-->[39m [37mPOST[39m [37m/wd/hub/session/23787b6d-2354-42ff-a2d4-b2efad684490/touch/perform[39m
[35m[HTTP][39m [90m{"actions":[{"action":"tap","options":{"x":1,"y":1,"element":"00000000-0000-002e-ffff-ffff000002ac"}}]}[39m
[35m[UiAutomator2][39m calling get location: 00000000-0000-002e-ffff-ffff000002ac
[35m[HTTP][39m [37m<-- POST /wd/hub/session/23787b6d-2354-42ff-a2d4-b2efad684490/touch/perform [39m[32m200[39m [90m211 ms - 14[39m
[35m[HTTP][39m [90m[39m
[35m[HTTP][39m [37m-->[39m [37mGET[39m [37m/wd/hub/session/23787b6d-2354-42ff-a2d4-b2efad684490/source[39m
[35m[HTTP][39m [90m{}[39m
[35m[W3C (23787b6d)][39m Driver proxy active, passing request on via HTTP proxy
[35m[WD Proxy][39m Replacing sessionId bcd61be1-a1ac-4608-bb94-0c73ae45a161 with 23787b6d-2354-42ff-a2d4-b2efad684490
[35m[HTTP][39m [37m<-- GET /wd/hub/session/23787b6d-2354-42ff-a2d4-b2efad684490/source [39m[32m200[39m [90m714 ms - 21019[39m
[35m[HTTP][39m [90m[39m
[35m[HTTP][39m [37m-->[39m [37mGET[39m [37m/wd/hub/session/23787b6d-2354-42ff-a2d4-b2efad684490/screenshot[39m
[35m[HTTP][39m [90m{}[39m
[35m[HTTP][39m [37m<-- GET /wd/hub/session/23787b6d-2354-42ff-a2d4-b2efad684490/screenshot [39m[32m200[39m [90m878 ms - 300826[39m
[35m[HTTP][39m [90m[39m
[35m[HTTP][39m [37m-->[39m [37mDELETE[39m [37m/wd/hub/session/23787b6d-2354-42ff-a2d4-b2efad684490[39m
[35m[HTTP][39m [90m{}[39m
[35m[Appium][39m Removing session 23787b6d-2354-42ff-a2d4-b2efad684490 from our master session list
[35m[HTTP][39m [37m<-- DELETE /wd/hub/session/23787b6d-2354-42ff-a2d4-b2efad684490 [39m[32m200[39m [90m321 ms - 14[39m
[35m[HTTP][39m [90m[39m
